<?xml version="1.0" encoding="UTF-8"?>
<testsuite name="testrunner.testrunner_sample" time="85.893" tests="1" errors="1" skipped="0" failures="0">
  <properties>
[...]
</properties>
  <testcase name="Ensure that &quot;Number&quot; field is autopopulated as with prefix INC with 7 digits starting at 10,000" classname="All related test scenarios to Incident User" time="85.893">
    <error message="invalid session id&#10;Build info: version: &apos;3.141.59&apos;, revision: &apos;e82be7d358&apos;, time: &apos;2018-11-14T08:17:03&apos;&#10;System info: host: &apos;DESKTOP-Q02RRK1&apos;, ip: &apos;192.168.43.5&apos;, os.name: &apos;Windows 10&apos;, os.arch: &apos;amd64&apos;, os.version: &apos;10.0&apos;, java.version: &apos;13.0.2&apos;&#10;Driver info: org.openqa.selenium.chrome.ChromeDriver&#10;Capabilities {acceptInsecureCerts: false, browserName: chrome, browserVersion: 81.0.4044.138, chrome: {chromedriverVersion: 80.0.3987.106 (f68069574609..., userDataDir: C:\Users\Admin\AppData\Loca...}, goog:chromeOptions: {debuggerAddress: localhost:1134}, javascriptEnabled: true, networkConnectionEnabled: false, pageLoadStrategy: normal, platform: WINDOWS, platformName: WINDOWS, proxy: Proxy(), setWindowRect: true, strictFileInteractability: false, timeouts: {implicit: 0, pageLoad: 300000, script: 30000}, unhandledPromptBehavior: dismiss and notify}&#10;Session ID: a01b500b3b087760d08dace8c2c631cb" type="org.openqa.selenium.NoSuchSessionException">org.openqa.selenium.NoSuchSessionException: invalid session id
Build info: version: '3.141.59', revision: 'e82be7d358', time: '2018-11-14T08:17:03'
System info: host: 'DESKTOP-Q02RRK1', ip: '192.168.43.5', os.name: 'Windows 10', os.arch: 'amd64', os.version: '10.0', java.version: '13.0.2'
Driver info: org.openqa.selenium.chrome.ChromeDriver
Capabilities {acceptInsecureCerts: false, browserName: chrome, browserVersion: 81.0.4044.138, chrome: {chromedriverVersion: 80.0.3987.106 (f68069574609..., userDataDir: C:\Users\Admin\AppData\Loca...}, goog:chromeOptions: {debuggerAddress: localhost:1134}, javascriptEnabled: true, networkConnectionEnabled: false, pageLoadStrategy: normal, platform: WINDOWS, platformName: WINDOWS, proxy: Proxy(), setWindowRect: true, strictFileInteractability: false, timeouts: {implicit: 0, pageLoad: 300000, script: 30000}, unhandledPromptBehavior: dismiss and notify}
Session ID: a01b500b3b087760d08dace8c2c631cb
	at java.base/jdk.internal.reflect.NativeConstructorAccessorImpl.newInstance0(Native Method)
	at java.base/jdk.internal.reflect.NativeConstructorAccessorImpl.newInstance(NativeConstructorAccessorImpl.java:62)
	at java.base/jdk.internal.reflect.DelegatingConstructorAccessorImpl.newInstance(DelegatingConstructorAccessorImpl.java:45)
	at java.base/java.lang.reflect.Constructor.newInstanceWithCaller(Constructor.java:500)
	at java.base/java.lang.reflect.Constructor.newInstance(Constructor.java:481)
	at org.openqa.selenium.remote.http.W3CHttpResponseCodec.createException(W3CHttpResponseCodec.java:187)
	at org.openqa.selenium.remote.http.W3CHttpResponseCodec.decode(W3CHttpResponseCodec.java:122)
	at org.openqa.selenium.remote.http.W3CHttpResponseCodec.decode(W3CHttpResponseCodec.java:49)
	at org.openqa.selenium.remote.HttpCommandExecutor.execute(HttpCommandExecutor.java:158)
	at org.openqa.selenium.remote.service.DriverCommandExecutor.execute(DriverCommandExecutor.java:83)
	at org.openqa.selenium.remote.RemoteWebDriver.execute(RemoteWebDriver.java:552)
	at org.openqa.selenium.remote.RemoteWebDriver.execute(RemoteWebDriver.java:609)
	at org.openqa.selenium.remote.RemoteWebDriver.close(RemoteWebDriver.java:442)
	at stepdefinitions.Incidentuser_action.closeBrowser(Incidentuser_action.java:113)
	at java.base/jdk.internal.reflect.NativeMethodAccessorImpl.invoke0(Native Method)
	at java.base/jdk.internal.reflect.NativeMethodAccessorImpl.invoke(NativeMethodAccessorImpl.java:62)
	at java.base/jdk.internal.reflect.DelegatingMethodAccessorImpl.invoke(DelegatingMethodAccessorImpl.java:43)
	at java.base/java.lang.reflect.Method.invoke(Method.java:567)
	at cucumber.runtime.Utils$1.call(Utils.java:26)
	at cucumber.runtime.Timeout.timeout(Timeout.java:16)
	at cucumber.runtime.Utils.invoke(Utils.java:20)
	at cucumber.runtime.java.JavaHookDefinition.execute(JavaHookDefinition.java:60)
	at cucumber.runner.HookDefinitionMatch.runStep(HookDefinitionMatch.java:16)
	at cucumber.runner.TestStep.executeStep(TestStep.java:63)
	at cucumber.runner.TestStep.run(TestStep.java:49)
	at cucumber.runner.TestCase.run(TestCase.java:49)
	at cucumber.runner.Runner.runPickle(Runner.java:40)
	at cucumber.runtime.junit.PickleRunners$NoStepDescriptions.run(PickleRunners.java:146)
	at cucumber.runtime.junit.FeatureRunner.runChild(FeatureRunner.java:68)
	at cucumber.runtime.junit.FeatureRunner.runChild(FeatureRunner.java:23)
	at org.junit.runners.ParentRunner$3.run(ParentRunner.java:290)
	at org.junit.runners.ParentRunner$1.schedule(ParentRunner.java:71)
	at org.junit.runners.ParentRunner.runChildren(ParentRunner.java:288)
	at org.junit.runners.ParentRunner.access$000(ParentRunner.java:58)
	at org.junit.runners.ParentRunner$2.evaluate(ParentRunner.java:268)
	at org.junit.runners.ParentRunner.run(ParentRunner.java:363)
	at cucumber.runtime.junit.FeatureRunner.run(FeatureRunner.java:73)
	at cucumber.api.junit.Cucumber.runChild(Cucumber.java:122)
	at cucumber.api.junit.Cucumber.runChild(Cucumber.java:64)
	at org.junit.runners.ParentRunner$3.run(ParentRunner.java:290)
	at org.junit.runners.ParentRunner$1.schedule(ParentRunner.java:71)
	at org.junit.runners.ParentRunner.runChildren(ParentRunner.java:288)
	at org.junit.runners.ParentRunner.access$000(ParentRunner.java:58)
	at org.junit.runners.ParentRunner$2.evaluate(ParentRunner.java:268)
	at cucumber.api.junit.Cucumber$1.evaluate(Cucumber.java:131)
	at org.junit.runners.ParentRunner.run(ParentRunner.java:363)
	at org.apache.maven.surefire.junit4.JUnit4Provider.execute(JUnit4Provider.java:264)
	at org.apache.maven.surefire.junit4.JUnit4Provider.executeTestSet(JUnit4Provider.java:153)
	at org.apache.maven.surefire.junit4.JUnit4Provider.invoke(JUnit4Provider.java:124)
	at java.base/jdk.internal.reflect.NativeMethodAccessorImpl.invoke0(Native Method)
	at java.base/jdk.internal.reflect.NativeMethodAccessorImpl.invoke(NativeMethodAccessorImpl.java:62)
	at java.base/jdk.internal.reflect.DelegatingMethodAccessorImpl.invoke(DelegatingMethodAccessorImpl.java:43)
	at java.base/java.lang.reflect.Method.invoke(Method.java:567)
	at org.apache.maven.surefire.util.ReflectionUtils.invokeMethodWithArray2(ReflectionUtils.java:208)
	at org.apache.maven.surefire.booter.ProviderFactory$ProviderProxy.invoke(ProviderFactory.java:159)
	at org.apache.maven.surefire.booter.ProviderFactory.invokeProvider(ProviderFactory.java:87)
	at org.apache.maven.surefire.booter.ForkedBooter.runSuitesInProcess(ForkedBooter.java:153)
	at org.apache.maven.surefire.booter.ForkedBooter.main(ForkedBooter.java:95)
</error>
    <system-out>ITIL.User.1
Spot$123
INC0010093
INC0010093
</system-out>
    <system-err>Starting ChromeDriver 80.0.3987.106 (f68069574609230cf9b635cd784cfb1bf81bb53a-refs/branch-heads/3987@{#882}) on port 2612
Only local connections are allowed.
Please protect ports used by ChromeDriver and related test frameworks to prevent access by malicious code.
[1589811916.337][WARNING]: This version of ChromeDriver has not been tested with Chrome version 81.
[1589811918.344][WARNING]: Timed out connecting to Chrome, retrying...
May 18, 2020 7:55:20 PM org.openqa.selenium.remote.ProtocolHandshake createSession
INFO: Detected dialect: W3C
[1589811922.487][WARNING]: Timed out connecting to Chrome, retrying...
[1589811927.536][SEVERE]: Timed out receiving message from renderer: 0.100
[1589811927.637][SEVERE]: Timed out receiving message from renderer: 0.100
[1589811927.740][SEVERE]: Timed out receiving message from renderer: 0.100
[1589811927.844][SEVERE]: Timed out receiving message from renderer: 0.100
[1589811927.949][SEVERE]: Timed out receiving message from renderer: 0.100
[1589811928.054][SEVERE]: Timed out receiving message from renderer: 0.100
[1589811928.157][SEVERE]: Timed out receiving message from renderer: 0.100
[1589811928.259][SEVERE]: Timed out receiving message from renderer: 0.100
[1589811928.361][SEVERE]: Timed out receiving message from renderer: 0.100
[1589811928.464][SEVERE]: Timed out receiving message from renderer: 0.100
[1589811928.566][SEVERE]: Timed out receiving message from renderer: 0.100
[1589811928.669][SEVERE]: Timed out receiving message from renderer: 0.100
[1589811928.773][SEVERE]: Timed out receiving message from renderer: 0.100
[1589811928.876][SEVERE]: Timed out receiving message from renderer: 0.100
[1589811928.979][SEVERE]: Timed out receiving message from renderer: 0.100
[1589811929.080][SEVERE]: Timed out receiving message from renderer: 0.100
[1589811929.183][SEVERE]: Timed out receiving message from renderer: 0.100
[1589811929.290][SEVERE]: Timed out receiving message from renderer: 0.100
[1589811929.394][SEVERE]: Timed out receiving message from renderer: 0.100
[1589811929.502][SEVERE]: Timed out receiving message from renderer: 0.100
[1589811929.608][SEVERE]: Timed out receiving message from renderer: 0.100
[1589811929.710][SEVERE]: Timed out receiving message from renderer: 0.100
[1589811929.812][SEVERE]: Timed out receiving message from renderer: 0.100
[1589811929.932][SEVERE]: Timed out receiving message from renderer: 0.100
[1589811930.037][SEVERE]: Timed out receiving message from renderer: 0.100
[1589811930.141][SEVERE]: Timed out receiving message from renderer: 0.100
[1589811930.244][SEVERE]: Timed out receiving message from renderer: 0.100
[1589811930.345][SEVERE]: Timed out receiving message from renderer: 0.100
[1589811930.452][SEVERE]: Timed out receiving message from renderer: 0.100
[1589811930.557][SEVERE]: Timed out receiving message from renderer: 0.100
[1589811930.659][SEVERE]: Timed out receiving message from renderer: 0.100
[1589811930.761][SEVERE]: Timed out receiving message from renderer: 0.100
[1589811930.864][SEVERE]: Timed out receiving message from renderer: 0.100
[1589811930.968][SEVERE]: Timed out receiving message from renderer: 0.100
[1589811931.072][SEVERE]: Timed out receiving message from renderer: 0.100
[1589811931.175][SEVERE]: Timed out receiving message from renderer: 0.100
[1589811931.279][SEVERE]: Timed out receiving message from renderer: 0.100
[1589811931.389][SEVERE]: Timed out receiving message from renderer: 0.100
[1589811931.493][SEVERE]: Timed out receiving message from renderer: 0.100
[1589811931.597][SEVERE]: Timed out receiving message from renderer: 0.100
[1589811931.701][SEVERE]: Timed out receiving message from renderer: 0.100
[1589811931.804][SEVERE]: Timed out receiving message from renderer: 0.100
[1589811931.908][SEVERE]: Timed out receiving message from renderer: 0.100
[1589811932.011][SEVERE]: Timed out receiving message from renderer: 0.100
[1589811932.114][SEVERE]: Timed out receiving message from renderer: 0.100
[1589811932.216][SEVERE]: Timed out receiving message from renderer: 0.100
[1589811932.321][SEVERE]: Timed out receiving message from renderer: 0.100
[1589811932.423][SEVERE]: Timed out receiving message from renderer: 0.100
[1589811932.828][SEVERE]: Timed out receiving message from renderer: 0.100
[1589811932.932][SEVERE]: Timed out receiving message from renderer: 0.100
[1589811933.035][SEVERE]: Timed out receiving message from renderer: 0.100
[1589811933.137][SEVERE]: Timed out receiving message from renderer: 0.100
[1589811933.239][SEVERE]: Timed out receiving message from renderer: 0.100
[1589811933.340][SEVERE]: Timed out receiving message from renderer: 0.100
[1589811933.447][SEVERE]: Timed out receiving message from renderer: 0.100
[1589811933.551][SEVERE]: Timed out receiving message from renderer: 0.100
[1589811933.655][SEVERE]: Timed out receiving message from renderer: 0.100
[1589811933.757][SEVERE]: Timed out receiving message from renderer: 0.100
[1589811933.858][SEVERE]: Timed out receiving message from renderer: 0.100
[1589811933.960][SEVERE]: Timed out receiving message from renderer: 0.100
[1589811934.106][SEVERE]: Timed out receiving message from renderer: 0.100
[1589811934.207][SEVERE]: Timed out receiving message from renderer: 0.100
[1589811934.309][SEVERE]: Timed out receiving message from renderer: 0.100
[1589811934.414][SEVERE]: Timed out receiving message from renderer: 0.100
[1589811934.516][SEVERE]: Timed out receiving message from renderer: 0.100
[1589811934.617][SEVERE]: Timed out receiving message from renderer: 0.100
[1589811934.719][SEVERE]: Timed out receiving message from renderer: 0.100
[1589811934.823][SEVERE]: Timed out receiving message from renderer: 0.100
[1589811934.924][SEVERE]: Timed out receiving message from renderer: 0.100
[1589811935.025][SEVERE]: Timed out receiving message from renderer: 0.100
[1589811935.126][SEVERE]: Timed out receiving message from renderer: 0.100
[1589811935.228][SEVERE]: Timed out receiving message from renderer: 0.100
[1589811935.330][SEVERE]: Timed out receiving message from renderer: 0.100
[1589811935.431][SEVERE]: Timed out receiving message from renderer: 0.100
[1589811935.536][SEVERE]: Timed out receiving message from renderer: 0.100
[1589811935.637][SEVERE]: Timed out receiving message from renderer: 0.100
[1589811935.740][SEVERE]: Timed out receiving message from renderer: 0.100
[1589811935.844][SEVERE]: Timed out receiving message from renderer: 0.100
[1589811935.947][SEVERE]: Timed out receiving message from renderer: 0.100
[1589811936.048][SEVERE]: Timed out receiving message from renderer: 0.100
[1589811936.152][SEVERE]: Timed out receiving message from renderer: 0.100
[1589811936.255][SEVERE]: Timed out receiving message from renderer: 0.100
[1589811936.358][SEVERE]: Timed out receiving message from renderer: 0.100
[1589811936.461][SEVERE]: Timed out receiving message from renderer: 0.100
[1589811936.565][SEVERE]: Timed out receiving message from renderer: 0.100
[1589811936.666][SEVERE]: Timed out receiving message from renderer: 0.100
[1589811936.768][SEVERE]: Timed out receiving message from renderer: 0.100
[1589811936.871][SEVERE]: Timed out receiving message from renderer: 0.100
[1589811936.973][SEVERE]: Timed out receiving message from renderer: 0.100
[1589811937.075][SEVERE]: Timed out receiving message from renderer: 0.100
[1589811937.177][SEVERE]: Timed out receiving message from renderer: 0.100
[1589811937.286][SEVERE]: Timed out receiving message from renderer: 0.100
[1589811938.084][SEVERE]: Timed out receiving message from renderer: 0.100
[1589811938.186][SEVERE]: Timed out receiving message from renderer: 0.100
[1589811938.287][SEVERE]: Timed out receiving message from renderer: 0.100
[1589811938.388][SEVERE]: Timed out receiving message from renderer: 0.100
[1589811938.492][SEVERE]: Timed out receiving message from renderer: 0.100
[1589811938.595][SEVERE]: Timed out receiving message from renderer: 0.100
[1589811938.699][SEVERE]: Timed out receiving message from renderer: 0.100
[1589811938.802][SEVERE]: Timed out receiving message from renderer: 0.100
[1589811938.906][SEVERE]: Timed out receiving message from renderer: 0.100
[1589811939.009][SEVERE]: Timed out receiving message from renderer: 0.100
[1589811939.112][SEVERE]: Timed out receiving message from renderer: 0.100
[1589811939.215][SEVERE]: Timed out receiving message from renderer: 0.100
[1589811939.317][SEVERE]: Timed out receiving message from renderer: 0.100
[1589811939.420][SEVERE]: Timed out receiving message from renderer: 0.100
[1589811939.523][SEVERE]: Timed out receiving message from renderer: 0.100
[1589811939.702][SEVERE]: Timed out receiving message from renderer: 0.100
[1589811939.803][SEVERE]: Timed out receiving message from renderer: 0.100
[1589811939.906][SEVERE]: Timed out receiving message from renderer: 0.100
[1589811940.010][SEVERE]: Timed out receiving message from renderer: 0.100
[1589811940.115][SEVERE]: Timed out receiving message from renderer: 0.100
[1589811940.218][SEVERE]: Timed out receiving message from renderer: 0.100
[1589811950.428][SEVERE]: Timed out receiving message from renderer: 0.100
[1589811950.529][SEVERE]: Timed out receiving message from renderer: 0.100
[1589811950.630][SEVERE]: Timed out receiving message from renderer: 0.100
[1589811950.731][SEVERE]: Timed out receiving message from renderer: 0.100
[1589811950.833][SEVERE]: Timed out receiving message from renderer: 0.100
[1589811950.936][SEVERE]: Timed out receiving message from renderer: 0.100
[1589811951.038][SEVERE]: Timed out receiving message from renderer: 0.100
[1589811951.139][SEVERE]: Timed out receiving message from renderer: 0.100
[1589811951.240][SEVERE]: Timed out receiving message from renderer: 0.100
[1589811951.341][SEVERE]: Timed out receiving message from renderer: 0.100
[1589811951.443][SEVERE]: Timed out receiving message from renderer: 0.100
[1589811951.545][SEVERE]: Timed out receiving message from renderer: 0.100
[1589811951.651][SEVERE]: Timed out receiving message from renderer: 0.100
[1589811951.753][SEVERE]: Timed out receiving message from renderer: 0.100
[1589811951.856][SEVERE]: Timed out receiving message from renderer: 0.100
[1589811951.958][SEVERE]: Timed out receiving message from renderer: 0.100
[1589811952.059][SEVERE]: Timed out receiving message from renderer: 0.100
[1589811952.182][SEVERE]: Timed out receiving message from renderer: 0.100
[1589811952.284][SEVERE]: Timed out receiving message from renderer: 0.100
[1589811952.385][SEVERE]: Timed out receiving message from renderer: 0.100
[1589811952.490][SEVERE]: Timed out receiving message from renderer: 0.100
[1589811952.595][SEVERE]: Timed out receiving message from renderer: 0.100
[1589811952.700][SEVERE]: Timed out receiving message from renderer: 0.100
[1589811952.801][SEVERE]: Timed out receiving message from renderer: 0.100
[1589811952.903][SEVERE]: Timed out receiving message from renderer: 0.100
[1589811953.008][SEVERE]: Timed out receiving message from renderer: 0.100
[1589811953.110][SEVERE]: Timed out receiving message from renderer: 0.100
[1589811953.212][SEVERE]: Timed out receiving message from renderer: 0.100
[1589811953.314][SEVERE]: Timed out receiving message from renderer: 0.100
[1589811953.418][SEVERE]: Timed out receiving message from renderer: 0.100
[1589811953.520][SEVERE]: Timed out receiving message from renderer: 0.100
[1589811953.624][SEVERE]: Timed out receiving message from renderer: 0.100
[1589811953.726][SEVERE]: Timed out receiving message from renderer: 0.100
[1589811953.830][SEVERE]: Timed out receiving message from renderer: 0.100
[1589811953.932][SEVERE]: Timed out receiving message from renderer: 0.100
[1589811954.034][SEVERE]: Timed out receiving message from renderer: 0.100
[1589811954.137][SEVERE]: Timed out receiving message from renderer: 0.100
[1589811954.239][SEVERE]: Timed out receiving message from renderer: 0.100
[1589811955.551][SEVERE]: Timed out receiving message from renderer: 0.100
[1589811955.652][SEVERE]: Timed out receiving message from renderer: 0.100
[1589811955.757][SEVERE]: Timed out receiving message from renderer: 0.100
[1589811955.858][SEVERE]: Timed out receiving message from renderer: 0.100
[1589811955.962][SEVERE]: Timed out receiving message from renderer: 0.100
[1589811956.063][SEVERE]: Timed out receiving message from renderer: 0.100
[1589811956.164][SEVERE]: Timed out receiving message from renderer: 0.100
[1589811956.268][SEVERE]: Timed out receiving message from renderer: 0.100
[1589811956.370][SEVERE]: Timed out receiving message from renderer: 0.100
[1589811956.471][SEVERE]: Timed out receiving message from renderer: 0.100
[1589811956.572][SEVERE]: Timed out receiving message from renderer: 0.100
[1589811956.674][SEVERE]: Timed out receiving message from renderer: 0.100
[1589811956.776][SEVERE]: Timed out receiving message from renderer: 0.100
[1589811957.047][SEVERE]: Timed out receiving message from renderer: 0.100
[1589811957.149][SEVERE]: Timed out receiving message from renderer: 0.100
[1589811957.251][SEVERE]: Timed out receiving message from renderer: 0.100
[1589811957.353][SEVERE]: Timed out receiving message from renderer: 0.100
[1589811957.460][SEVERE]: Timed out receiving message from renderer: 0.100
[1589811957.566][SEVERE]: Timed out receiving message from renderer: 0.100
[1589811957.670][SEVERE]: Timed out receiving message from renderer: 0.100
[1589811957.773][SEVERE]: Timed out receiving message from renderer: 0.100
[1589811957.877][SEVERE]: Timed out receiving message from renderer: 0.100
[1589811957.978][SEVERE]: Timed out receiving message from renderer: 0.100
[1589811958.082][SEVERE]: Timed out receiving message from renderer: 0.100
[1589811958.185][SEVERE]: Timed out receiving message from renderer: 0.100
[1589811958.288][SEVERE]: Timed out receiving message from renderer: 0.100
[1589811958.390][SEVERE]: Timed out receiving message from renderer: 0.100
[1589811958.492][SEVERE]: Timed out receiving message from renderer: 0.100
[1589811958.594][SEVERE]: Timed out receiving message from renderer: 0.100
[1589811958.699][SEVERE]: Timed out receiving message from renderer: 0.100
[1589811958.802][SEVERE]: Timed out receiving message from renderer: 0.100
[1589811958.905][SEVERE]: Timed out receiving message from renderer: 0.100
[1589811959.008][SEVERE]: Timed out receiving message from renderer: 0.100
[1589811959.111][SEVERE]: Timed out receiving message from renderer: 0.100
[1589811959.214][SEVERE]: Timed out receiving message from renderer: 0.100
[1589811959.315][SEVERE]: Timed out receiving message from renderer: 0.100
[1589811959.419][SEVERE]: Timed out receiving message from renderer: 0.100
[1589811959.522][SEVERE]: Timed out receiving message from renderer: 0.100
[1589811959.623][SEVERE]: Timed out receiving message from renderer: 0.100
[1589811959.726][SEVERE]: Timed out receiving message from renderer: 0.100
[1589811959.828][SEVERE]: Timed out receiving message from renderer: 0.100
[1589811959.931][SEVERE]: Timed out receiving message from renderer: 0.100
[1589811960.032][SEVERE]: Timed out receiving message from renderer: 0.100
[1589811960.134][SEVERE]: Timed out receiving message from renderer: 0.100
[1589811960.238][SEVERE]: Timed out receiving message from renderer: 0.100
[1589811960.343][SEVERE]: Timed out receiving message from renderer: 0.100
[1589811960.447][SEVERE]: Timed out receiving message from renderer: 0.100
[1589811960.550][SEVERE]: Timed out receiving message from renderer: 0.100
[1589811960.652][SEVERE]: Timed out receiving message from renderer: 0.100
[1589811960.755][SEVERE]: Timed out receiving message from renderer: 0.100
[1589811961.174][SEVERE]: Timed out receiving message from renderer: 0.100
[1589811961.277][SEVERE]: Timed out receiving message from renderer: 0.100
[1589811961.378][SEVERE]: Timed out receiving message from renderer: 0.100
[1589811961.480][SEVERE]: Timed out receiving message from renderer: 0.100
[1589811961.581][SEVERE]: Timed out receiving message from renderer: 0.100
[1589811961.682][SEVERE]: Timed out receiving message from renderer: 0.100
[1589811961.785][SEVERE]: Timed out receiving message from renderer: 0.100
[1589811961.887][SEVERE]: Timed out receiving message from renderer: 0.100
[1589811961.989][SEVERE]: Timed out receiving message from renderer: 0.100
[1589811962.092][SEVERE]: Timed out receiving message from renderer: 0.100
[1589811962.207][SEVERE]: Timed out receiving message from renderer: 0.100
[1589811962.311][SEVERE]: Timed out receiving message from renderer: 0.100
[1589811962.415][SEVERE]: Timed out receiving message from renderer: 0.100
[1589811962.516][SEVERE]: Timed out receiving message from renderer: 0.100
[1589811962.619][SEVERE]: Timed out receiving message from renderer: 0.100
[1589811962.721][SEVERE]: Timed out receiving message from renderer: 0.100
[1589811962.826][SEVERE]: Timed out receiving message from renderer: 0.100
[1589811962.932][SEVERE]: Timed out receiving message from renderer: 0.100
[1589811963.055][SEVERE]: Timed out receiving message from renderer: 0.100
[1589811963.157][SEVERE]: Timed out receiving message from renderer: 0.100
[1589811963.262][SEVERE]: Timed out receiving message from renderer: 0.100
[1589811963.364][SEVERE]: Timed out receiving message from renderer: 0.100
[1589811963.468][SEVERE]: Timed out receiving message from renderer: 0.100
[1589811963.570][SEVERE]: Timed out receiving message from renderer: 0.100
[1589811963.672][SEVERE]: Timed out receiving message from renderer: 0.100
[1589811963.775][SEVERE]: Timed out receiving message from renderer: 0.100
[1589811963.883][SEVERE]: Timed out receiving message from renderer: 0.100
[1589811963.997][SEVERE]: Timed out receiving message from renderer: 0.100
[1589811964.098][SEVERE]: Timed out receiving message from renderer: 0.100
[1589811964.201][SEVERE]: Timed out receiving message from renderer: 0.100
[1589811964.303][SEVERE]: Timed out receiving message from renderer: 0.100
[1589811964.408][SEVERE]: Timed out receiving message from renderer: 0.100
[1589811964.512][SEVERE]: Timed out receiving message from renderer: 0.100
[1589811964.642][SEVERE]: Timed out receiving message from renderer: 0.100
[1589811964.744][SEVERE]: Timed out receiving message from renderer: 0.100
[1589811964.846][SEVERE]: Timed out receiving message from renderer: 0.100
[1589811964.949][SEVERE]: Timed out receiving message from renderer: 0.100
[1589811965.052][SEVERE]: Timed out receiving message from renderer: 0.100
[1589811965.153][SEVERE]: Timed out receiving message from renderer: 0.100
[1589811975.947][SEVERE]: Timed out receiving message from renderer: 0.100
[1589811976.048][SEVERE]: Timed out receiving message from renderer: 0.100
[1589811976.179][SEVERE]: Timed out receiving message from renderer: 0.100
[1589811976.297][SEVERE]: Timed out receiving message from renderer: 0.100
[1589811976.399][SEVERE]: Timed out receiving message from renderer: 0.100
[1589811976.501][SEVERE]: Timed out receiving message from renderer: 0.100
[1589811976.604][SEVERE]: Timed out receiving message from renderer: 0.100
[1589811976.708][SEVERE]: Timed out receiving message from renderer: 0.100
[1589811976.811][SEVERE]: Timed out receiving message from renderer: 0.100
[1589811976.914][SEVERE]: Timed out receiving message from renderer: 0.100
[1589811977.017][SEVERE]: Timed out receiving message from renderer: 0.100
[1589811977.119][SEVERE]: Timed out receiving message from renderer: 0.100
[1589811977.222][SEVERE]: Timed out receiving message from renderer: 0.100
[1589811977.325][SEVERE]: Timed out receiving message from renderer: 0.100
[1589811977.428][SEVERE]: Timed out receiving message from renderer: 0.100
[1589811977.530][SEVERE]: Timed out receiving message from renderer: 0.100
[1589811977.632][SEVERE]: Timed out receiving message from renderer: 0.100
[1589811977.735][SEVERE]: Timed out receiving message from renderer: 0.100
[1589811977.837][SEVERE]: Timed out receiving message from renderer: 0.100
[1589811977.938][SEVERE]: Timed out receiving message from renderer: 0.100
[1589811978.042][SEVERE]: Timed out receiving message from renderer: 0.100
[1589811978.144][SEVERE]: Timed out receiving message from renderer: 0.100
[1589811978.247][SEVERE]: Timed out receiving message from renderer: 0.100
[1589811978.350][SEVERE]: Timed out receiving message from renderer: 0.100
[1589811978.453][SEVERE]: Timed out receiving message from renderer: 0.100
[1589811978.557][SEVERE]: Timed out receiving message from renderer: 0.100
[1589811978.661][SEVERE]: Timed out receiving message from renderer: 0.100
[1589811978.763][SEVERE]: Timed out receiving message from renderer: 0.100
[1589811978.865][SEVERE]: Timed out receiving message from renderer: 0.100
[1589811978.968][SEVERE]: Timed out receiving message from renderer: 0.100
[1589811979.069][SEVERE]: Timed out receiving message from renderer: 0.100
[1589811979.173][SEVERE]: Timed out receiving message from renderer: 0.100
[1589811979.275][SEVERE]: Timed out receiving message from renderer: 0.100
[1589811979.379][SEVERE]: Timed out receiving message from renderer: 0.100
[1589811979.482][SEVERE]: Timed out receiving message from renderer: 0.100
[1589811979.584][SEVERE]: Timed out receiving message from renderer: 0.100
[1589811979.688][SEVERE]: Timed out receiving message from renderer: 0.100
[1589811979.791][SEVERE]: Timed out receiving message from renderer: 0.100
[1589811979.895][SEVERE]: Timed out receiving message from renderer: 0.100
[1589811979.998][SEVERE]: Timed out receiving message from renderer: 0.100
[1589811980.101][SEVERE]: Timed out receiving message from renderer: 0.100
[1589811980.204][SEVERE]: Timed out receiving message from renderer: 0.100
[1589811980.307][SEVERE]: Timed out receiving message from renderer: 0.100
[1589811980.411][SEVERE]: Timed out receiving message from renderer: 0.100
[1589811980.514][SEVERE]: Timed out receiving message from renderer: 0.100
[1589811980.617][SEVERE]: Timed out receiving message from renderer: 0.100
[1589811980.719][SEVERE]: Timed out receiving message from renderer: 0.100
[1589811980.821][SEVERE]: Timed out receiving message from renderer: 0.100
[1589811980.923][SEVERE]: Timed out receiving message from renderer: 0.100
[1589811981.025][SEVERE]: Timed out receiving message from renderer: 0.100
[1589811981.128][SEVERE]: Timed out receiving message from renderer: 0.100
[1589811981.331][SEVERE]: Timed out receiving message from renderer: 0.100
[1589811981.432][SEVERE]: Timed out receiving message from renderer: 0.100
[1589811981.533][SEVERE]: Timed out receiving message from renderer: 0.100
[1589811981.634][SEVERE]: Timed out receiving message from renderer: 0.100
[1589811981.735][SEVERE]: Timed out receiving message from renderer: 0.100
[1589811981.836][SEVERE]: Timed out receiving message from renderer: 0.100
[1589811981.938][SEVERE]: Timed out receiving message from renderer: 0.100
[1589811982.061][SEVERE]: Timed out receiving message from renderer: 0.100
[1589811982.166][SEVERE]: Timed out receiving message from renderer: 0.100
[1589811982.268][SEVERE]: Timed out receiving message from renderer: 0.100
[1589811982.371][SEVERE]: Timed out receiving message from renderer: 0.100
[1589811982.564][SEVERE]: Timed out receiving message from renderer: 0.100
[1589811982.669][SEVERE]: Timed out receiving message from renderer: 0.100
[1589811982.770][SEVERE]: Timed out receiving message from renderer: 0.100
[1589811982.872][SEVERE]: Timed out receiving message from renderer: 0.100
[1589811982.975][SEVERE]: Timed out receiving message from renderer: 0.100
[1589811983.079][SEVERE]: Timed out receiving message from renderer: 0.100
[1589811983.218][SEVERE]: Timed out receiving message from renderer: 0.100
[1589811983.321][SEVERE]: Timed out receiving message from renderer: 0.100
[1589811983.423][SEVERE]: Timed out receiving message from renderer: 0.100
[1589811983.526][SEVERE]: Timed out receiving message from renderer: 0.100
[1589811983.629][SEVERE]: Timed out receiving message from renderer: 0.100
[1589811983.733][SEVERE]: Timed out receiving message from renderer: 0.100
[1589811983.895][SEVERE]: Timed out receiving message from renderer: 0.100
[1589811983.998][SEVERE]: Timed out receiving message from renderer: 0.100
[1589811984.102][SEVERE]: Timed out receiving message from renderer: 0.100
[1589811984.207][SEVERE]: Timed out receiving message from renderer: 0.100
[1589811984.309][SEVERE]: Timed out receiving message from renderer: 0.100
[1589811984.413][SEVERE]: Timed out receiving message from renderer: 0.100
[1589811984.514][SEVERE]: Timed out receiving message from renderer: 0.100
[1589811984.616][SEVERE]: Timed out receiving message from renderer: 0.100
[1589811984.720][SEVERE]: Timed out receiving message from renderer: 0.100
[1589811984.823][SEVERE]: Timed out receiving message from renderer: 0.100
[1589811984.926][SEVERE]: Timed out receiving message from renderer: 0.100
[1589811985.030][SEVERE]: Timed out receiving message from renderer: 0.100
[1589811985.133][SEVERE]: Timed out receiving message from renderer: 0.100
[1589811985.236][SEVERE]: Timed out receiving message from renderer: 0.100
[1589811985.337][SEVERE]: Timed out receiving message from renderer: 0.100
[1589811985.441][SEVERE]: Timed out receiving message from renderer: 0.100
[1589811985.544][SEVERE]: Timed out receiving message from renderer: 0.100
</system-err>
  </testcase>
</testsuite>